[2025-08-02 14:19:46] Checking conflict for row 1 with params: mode='normal', day='Monday', start_time<'09:00', end_time>'08:00', classroom='Room 1', course_code='ACC-111', course_name='Introduction to Accounting I', lecturer_initials='AK'
[2025-08-02 14:20:23] Checking conflict for row 1 with params: mode='normal', day='Monday', start_time<'09:00:00', end_time>'08:00:00', classroom='Room 1', course_code='ACC-111', course_name='Introduction to Accounting I', lecturer_initials='AK'
[2025-08-02 14:20:23] Checking conflict for row 2 with params: mode='normal', day='Monday', start_time<'09:00', end_time>'08:00', classroom='Room 2', course_code='ACC-121', course_name='Introduction to Accounting II', lecturer_initials='PM'
[2025-08-02 14:20:23] Checking conflict for row 3 with params: mode='normal', day='Monday', start_time<'09:00', end_time>'08:00', classroom='Room 3', course_code='ICT-123', course_name='Computer Applications', lecturer_initials='JB'
[2025-08-02 14:21:03] Checking conflict for row 1 with params: mode='normal', day='Monday', start_time<'09:00:00', end_time>'08:00:00', classroom='Room 1', course_code='ACC-111', course_name='Introduction to Accounting I', lecturer_initials='AK'
[2025-08-02 14:21:03] Checking conflict for row 2 with params: mode='normal', day='Monday', start_time<'09:00', end_time>'08:00', classroom='Room 2', course_code='ACC-121', course_name='Introduction to Accounting II', lecturer_initials='PM'
[2025-08-02 14:26:12] Checking conflict for row 1 with params: mode='normal', day='Monday', start_time<'09:00:00', end_time>'08:00:00', classroom='Room 1', course_code='ACC-111', course_name='Introduction to Accounting I', lecturer_initials='AK', exclude_id=55
[2025-08-02 14:26:12] Checking conflict for row 2 with params: mode='normal', day='Monday', start_time<'09:00', end_time>'08:00', classroom='Room 2', course_code='ECN-112', course_name='Micro Economics', lecturer_initials='PM', exclude_id=null
[2025-08-02 14:26:32] Checking conflict for row 1 with params: mode='normal', day='Monday', start_time<'09:00:00', end_time>'08:00:00', classroom='Room 2', course_code='ECN-112', course_name='Micro Economics', lecturer_initials='PM', exclude_id=57
[2025-08-02 14:26:32] Checking conflict for row 2 with params: mode='normal', day='Monday', start_time<'09:00:00', end_time>'08:00:00', classroom='Room 1', course_code='ACC-111', course_name='Introduction to Accounting I', lecturer_initials='AK', exclude_id=56
[2025-08-02 14:26:32] Checking conflict for row 3 with params: mode='normal', day='Monday', start_time<'09:00', end_time>'08:00', classroom='Room 1', course_code='ACC-111', course_name='Introduction to Accounting I', lecturer_initials='PM', exclude_id=null
[2025-08-02 14:26:32] New Entry: {"id":null,"day":"Monday","start_time":"08:00","end_time":"09:00","course_id":3,"classroom":"Room 1","lecturer_initials":"PM"}
[2025-08-02 14:26:32] Conflicting Existing Entry: {"id":57,"session_id":0,"class_id":0,"mode":"normal","day":"Monday","start_time":"08:00:00","end_time":"09:00:00","course_id":4,"classroom":"Room 2","lecturer_initials":"PM","created_at":"2025-08-02 16:26:12","course_code":"ECN-112","course_name":"Micro Economics"}
[2025-08-02 14:26:32] New Entry: {"id":null,"day":"Monday","start_time":"08:00","end_time":"09:00","course_id":3,"classroom":"Room 1","lecturer_initials":"PM"}
[2025-08-02 14:26:32] Conflicting Existing Entry: {"id":56,"session_id":0,"class_id":0,"mode":"normal","day":"Monday","start_time":"08:00:00","end_time":"09:00:00","course_id":3,"classroom":"Room 1","lecturer_initials":"AK","created_at":"2025-08-02 16:26:12","course_code":"ACC-111","course_name":"Introduction to Accounting I"}
[2025-08-02 14:26:56] Checking conflict for row 1 with params: mode='normal', day='Monday', start_time<'09:00:00', end_time>'08:00:00', classroom='Room 2', course_code='ECN-112', course_name='Micro Economics', lecturer_initials='PM', exclude_id=57
[2025-08-02 14:26:56] Checking conflict for row 2 with params: mode='normal', day='Monday', start_time<'09:00:00', end_time>'08:00:00', classroom='Room 1', course_code='ACC-111', course_name='Introduction to Accounting I', lecturer_initials='AK', exclude_id=56
[2025-08-02 14:26:56] Checking conflict for row 3 with params: mode='normal', day='Monday', start_time<'09:00', end_time>'08:00', classroom='Room 3', course_code='LAN-124', course_name='Business Communication', lecturer_initials='AK', exclude_id=null
[2025-08-02 14:26:56] New Entry: {"id":null,"day":"Monday","start_time":"08:00","end_time":"09:00","course_id":12,"classroom":"Room 3","lecturer_initials":"AK"}
[2025-08-02 14:26:56] Conflicting Existing Entry: {"id":56,"session_id":0,"class_id":0,"mode":"normal","day":"Monday","start_time":"08:00:00","end_time":"09:00:00","course_id":3,"classroom":"Room 1","lecturer_initials":"AK","created_at":"2025-08-02 16:26:12","course_code":"ACC-111","course_name":"Introduction to Accounting I"}
[2025-08-02 14:27:20] Checking conflict for row 1 with params: mode='normal', day='Monday', start_time<'09:00:00', end_time>'08:00:00', classroom='Room 2', course_code='ECN-112', course_name='Micro Economics', lecturer_initials='PM', exclude_id=57
[2025-08-02 14:27:20] Checking conflict for row 2 with params: mode='normal', day='Monday', start_time<'09:00:00', end_time>'08:00:00', classroom='Room 1', course_code='ACC-111', course_name='Introduction to Accounting I', lecturer_initials='AK', exclude_id=56
[2025-08-02 14:27:20] Checking conflict for row 3 with params: mode='normal', day='Monday', start_time<'09:00', end_time>'08:00', classroom='Room 3', course_code='PHI-115', course_name='Introduction to Critical Thinking', lecturer_initials='JB', exclude_id=null
[2025-08-02 14:28:44] Checking conflict for row 1 with params: mode='normal', day='Monday', start_time<'09:00:00', end_time>'08:00:00', classroom='Room 1', course_code='ACC-111', course_name='Introduction to Accounting I', lecturer_initials='AK', exclude_id=59
[2025-08-02 14:28:44] Checking conflict for row 2 with params: mode='normal', day='Monday', start_time<'09:00:00', end_time>'08:00:00', classroom='Room 3', course_code='PHI-115', course_name='Introduction to Critical Thinking', lecturer_initials='JB', exclude_id=60
[2025-08-02 14:28:44] Checking conflict for row 3 with params: mode='normal', day='Monday', start_time<'09:00:00', end_time>'08:00:00', classroom='Room 2', course_code='ECN-112', course_name='Micro Economics', lecturer_initials='PM', exclude_id=58
[2025-08-02 14:28:44] Checking conflict for row 4 with params: mode='normal', day='Monday', start_time<'10:00', end_time>'09:00', classroom='Room 1', course_code='ACC-121', course_name='Introduction to Accounting II', lecturer_initials='AK', exclude_id=null
[2025-08-02 15:10:53] Checking conflict for row 1 with params: mode='normal', day='Monday', start_time<'09:00', end_time>'08:00', classroom='Room 1', course_code='ACC-111', course_name='Introduction to Accounting I', lecturer_initials='AK', session_id=1, academic_year_id=2, exclude_id=null
[2025-08-02 15:11:12] Checking conflict for row 1 with params: mode='normal', day='Monday', start_time<'09:00:00', end_time>'08:00:00', classroom='Room 1', course_code='ACC-111', course_name='Introduction to Accounting I', lecturer_initials='AK', session_id=1, academic_year_id=2, exclude_id=65
[2025-08-02 15:11:12] Checking conflict for row 2 with params: mode='normal', day='Monday', start_time<'10:00', end_time>'09:00', classroom='Room 2', course_code='ACC-121', course_name='Introduction to Accounting II', lecturer_initials='PM', session_id=1, academic_year_id=2, exclude_id=null
[2025-08-02 15:20:39] Checking conflict for row 1 with params: mode='normal', day='Monday', start_time<'09:00:00', end_time>'08:00:00', classroom='Room 1', course_code='ACC-111', course_name='Introduction to Accounting I', lecturer_initials='AK', session_id=1, academic_year_id=2, exclude_id=66
[2025-08-02 15:20:39] Checking conflict for row 2 with params: mode='normal', day='Monday', start_time<'10:00:00', end_time>'09:00:00', classroom='Room 2', course_code='ACC-121', course_name='Introduction to Accounting II', lecturer_initials='PM', session_id=1, academic_year_id=2, exclude_id=67
[2025-08-02 15:20:39] Checking conflict for row 3 with params: mode='normal', day='Tuesday', start_time<'12:00', end_time>'10:00', classroom='Room 5', course_code='LAN-124', course_name='Business Communication', lecturer_initials='JB', session_id=1, academic_year_id=2, exclude_id=null
[2025-08-02 15:21:08] Checking conflict for row 1 with params: mode='normal', day='Monday', start_time<'09:00:00', end_time>'08:00:00', classroom='Room 1', course_code='ACC-111', course_name='Introduction to Accounting I', lecturer_initials='AK', session_id=1, academic_year_id=2, exclude_id=68
[2025-08-02 15:21:08] Checking conflict for row 2 with params: mode='normal', day='Monday', start_time<'10:00:00', end_time>'09:00:00', classroom='Room 2', course_code='ACC-121', course_name='Introduction to Accounting II', lecturer_initials='PM', session_id=1, academic_year_id=2, exclude_id=69
[2025-08-02 15:21:08] Checking conflict for row 3 with params: mode='normal', day='Tuesday', start_time<'12:00:00', end_time>'10:00:00', classroom='Room 5', course_code='LAN-124', course_name='Business Communication', lecturer_initials='JB', session_id=1, academic_year_id=2, exclude_id=70
[2025-08-02 15:21:08] Checking conflict for row 4 with params: mode='normal', day='Friday', start_time<'17:00', end_time>'15:00', classroom='Room 1', course_code='MAT-125', course_name='Business Mathematics', lecturer_initials='AK', session_id=1, academic_year_id=2, exclude_id=null
[2025-08-04 21:37:51] Checking conflict for row 1 with params: mode='normal', day='Monday', start_time<'10:00', end_time>'09:00', classroom='Room 1', course_code='LAN-114', course_name='Language and Communication', lecturer_initials='AK', session_id=4, academic_year_id=3, exclude_id=null
[2025-08-04 21:37:51] Checking conflict for row 2 with params: mode='normal', day='Monday', start_time<'15:00', end_time>'13:00', classroom='Room 2', course_code='BEH-113', course_name='Introduction To Human Behavior', lecturer_initials='PM', session_id=4, academic_year_id=3, exclude_id=null
[2025-08-06 14:08:08] Checking conflict for row 1 with params: mode='normal', day='Monday', start_time<'09:00', end_time>'08:00', classroom='Room 1', course_code='BEH-113', course_name='Introduction To Human Behavior', lecturer_initials='PM', session_id=4, academic_year_id=3, exclude_id=null
[2025-08-06 14:08:27] Checking conflict for row 1 with params: mode='weekend', day='Saturday', start_time<'09:00', end_time>'08:00', classroom='Room 2', course_code='ACC-111', course_name='Introduction to Accounting I', lecturer_initials='PM', session_id=4, academic_year_id=3, exclude_id=null
